{"/home/thomas/Public/redis_chat/index.js":{"path":"/home/thomas/Public/redis_chat/index.js","s":{"1":1,"2":1,"3":1,"4":1,"5":1,"6":1,"7":1,"8":0,"9":0,"10":0,"11":0,"12":0,"13":1,"14":1,"15":1,"16":1,"17":1,"18":1,"19":1,"20":1,"21":1,"22":1,"23":1,"24":1,"25":1,"26":1,"27":1,"28":1,"29":1,"30":1,"31":1,"32":1,"33":1,"34":1,"35":1},"b":{"1":[1,1],"2":[1,1],"3":[0,1]},"f":{"1":1,"2":1,"3":1,"4":1,"5":1},"fnMap":{"1":{"name":"(anonymous_1)","line":39,"loc":{"start":{"line":39,"column":13},"end":{"line":39,"column":32}}},"2":{"name":"(anonymous_2)","line":51,"loc":{"start":{"line":51,"column":28},"end":{"line":51,"column":45}}},"3":{"name":"(anonymous_3)","line":56,"loc":{"start":{"line":56,"column":19},"end":{"line":56,"column":34}}},"4":{"name":"(anonymous_4)","line":61,"loc":{"start":{"line":61,"column":16},"end":{"line":61,"column":40}}},"5":{"name":"(anonymous_5)","line":68,"loc":{"start":{"line":68,"column":25},"end":{"line":68,"column":36}}}},"statementMap":{"1":{"start":{"line":5,"column":0},"end":{"line":5,"column":66}},"2":{"start":{"line":8,"column":0},"end":{"line":8,"column":29}},"3":{"start":{"line":9,"column":0},"end":{"line":9,"column":16}},"4":{"start":{"line":10,"column":0},"end":{"line":10,"column":32}},"5":{"start":{"line":11,"column":0},"end":{"line":11,"column":59}},"6":{"start":{"line":12,"column":0},"end":{"line":12,"column":21}},"7":{"start":{"line":16,"column":0},"end":{"line":25,"column":1}},"8":{"start":{"line":17,"column":1},"end":{"line":17,"column":55},"skip":true},"9":{"start":{"line":18,"column":1},"end":{"line":18,"column":64},"skip":true},"10":{"start":{"line":19,"column":1},"end":{"line":19,"column":67},"skip":true},"11":{"start":{"line":20,"column":1},"end":{"line":20,"column":37},"skip":true},"12":{"start":{"line":21,"column":1},"end":{"line":21,"column":40},"skip":true},"13":{"start":{"line":23,"column":1},"end":{"line":23,"column":42}},"14":{"start":{"line":24,"column":1},"end":{"line":24,"column":45}},"15":{"start":{"line":28,"column":0},"end":{"line":28,"column":39}},"16":{"start":{"line":29,"column":0},"end":{"line":29,"column":30}},"17":{"start":{"line":30,"column":0},"end":{"line":30,"column":44}},"18":{"start":{"line":33,"column":0},"end":{"line":33,"column":52}},"19":{"start":{"line":36,"column":0},"end":{"line":36,"column":30}},"20":{"start":{"line":39,"column":0},"end":{"line":41,"column":3}},"21":{"start":{"line":40,"column":1},"end":{"line":40,"column":21}},"22":{"start":{"line":44,"column":0},"end":{"line":44,"column":47}},"23":{"start":{"line":47,"column":0},"end":{"line":48,"column":28}},"24":{"start":{"line":51,"column":0},"end":{"line":72,"column":3}},"25":{"start":{"line":53,"column":1},"end":{"line":53,"column":36}},"26":{"start":{"line":56,"column":1},"end":{"line":59,"column":4}},"27":{"start":{"line":58,"column":2},"end":{"line":58,"column":46}},"28":{"start":{"line":61,"column":1},"end":{"line":64,"column":3}},"29":{"start":{"line":62,"column":2},"end":{"line":62,"column":31}},"30":{"start":{"line":63,"column":2},"end":{"line":63,"column":20}},"31":{"start":{"line":65,"column":1},"end":{"line":65,"column":35}},"32":{"start":{"line":68,"column":1},"end":{"line":71,"column":4}},"33":{"start":{"line":69,"column":2},"end":{"line":69,"column":28}},"34":{"start":{"line":70,"column":2},"end":{"line":70,"column":48}},"35":{"start":{"line":74,"column":0},"end":{"line":74,"column":38}}},"branchMap":{"1":{"line":10,"type":"binary-expr","locations":[{"start":{"line":10,"column":7},"end":{"line":10,"column":23}},{"start":{"line":10,"column":27},"end":{"line":10,"column":31}}]},"2":{"line":11,"type":"binary-expr","locations":[{"start":{"line":11,"column":11},"end":{"line":11,"column":31}},{"start":{"line":11,"column":35},"end":{"line":11,"column":58}}]},"3":{"line":16,"type":"if","locations":[{"start":{"line":16,"column":0},"end":{"line":16,"column":0},"skip":true},{"start":{"line":16,"column":0},"end":{"line":16,"column":0}}]}}}}